\BOOKMARK [1][-]{section.1}{\376\377\000P\000e\000n\000d\000a\000h\000u\000l\000u\000a\000n}{}% 1
\BOOKMARK [2][-]{subsection.1.1}{\376\377\000L\000a\000t\000a\000r\000\040\000B\000e\000l\000a\000k\000a\000n\000g}{section.1}% 2
\BOOKMARK [2][-]{subsection.1.2}{\376\377\000T\000u\000j\000u\000a\000n}{section.1}% 3
\BOOKMARK [1][-]{section.2}{\376\377\000K\000o\000m\000p\000o\000n\000e\000n\000\040\000M\000u\000l\000t\000i\000m\000e\000d\000i\000a}{}% 4
\BOOKMARK [2][-]{subsection.2.1}{\376\377\000I\000m\000a\000g\000e\000\040\000P\000r\000o\000c\000e\000s\000s\000i\000n\000g}{section.2}% 5
\BOOKMARK [3][-]{subsubsection.2.1.1}{\376\377\000M\000e\000d\000i\000a\000P\000i\000p\000e\000\040\000H\000a\000n\000d\000s\000\040\000D\000e\000t\000e\000c\000t\000i\000o\000n}{subsection.2.1}% 6
\BOOKMARK [3][-]{subsubsection.2.1.2}{\376\377\000B\000o\000u\000n\000d\000i\000n\000g\000\040\000B\000o\000x\000\040\000C\000a\000l\000c\000u\000l\000a\000t\000i\000o\000n}{subsection.2.1}% 7
\BOOKMARK [2][-]{subsection.2.2}{\376\377\000V\000i\000d\000e\000o\000\040\000P\000r\000o\000c\000e\000s\000s\000i\000n\000g}{section.2}% 8
\BOOKMARK [3][-]{subsubsection.2.2.1}{\376\377\000C\000a\000m\000e\000r\000a\000\040\000C\000a\000p\000t\000u\000r\000e}{subsection.2.2}% 9
\BOOKMARK [3][-]{subsubsection.2.2.2}{\376\377\000F\000r\000a\000m\000e\000\040\000P\000r\000o\000c\000e\000s\000s\000i\000n\000g\000\040\000d\000a\000n\000\040\000O\000v\000e\000r\000l\000a\000y}{subsection.2.2}% 10
\BOOKMARK [2][-]{subsection.2.3}{\376\377\000A\000u\000d\000i\000o\000\040\000P\000r\000o\000c\000e\000s\000s\000i\000n\000g}{section.2}% 11
\BOOKMARK [3][-]{subsubsection.2.3.1}{\376\377\000S\000e\000a\000m\000l\000e\000s\000s\000\040\000M\000u\000s\000i\000c\000\040\000L\000o\000o\000p\000i\000n\000g}{subsection.2.3}% 12
\BOOKMARK [3][-]{subsubsection.2.3.2}{\376\377\000P\000o\000l\000y\000p\000h\000o\000n\000i\000c\000\040\000S\000o\000u\000n\000d\000\040\000E\000f\000f\000e\000c\000t\000s}{subsection.2.3}% 13
\BOOKMARK [1][-]{section.3}{\376\377\000I\000m\000p\000l\000e\000m\000e\000n\000t\000a\000s\000i\000\040\000S\000i\000s\000t\000e\000m}{}% 14
\BOOKMARK [2][-]{subsection.3.1}{\376\377\000A\000r\000s\000i\000t\000e\000k\000t\000u\000r\000\040\000S\000i\000s\000t\000e\000m}{section.3}% 15
\BOOKMARK [2][-]{subsection.3.2}{\376\377\000A\000l\000u\000r\000\040\000S\000i\000s\000t\000e\000m}{section.3}% 16
\BOOKMARK [2][-]{subsection.3.3}{\376\377\000G\000a\000m\000e\000\040\000L\000o\000o\000p}{section.3}% 17
\BOOKMARK [2][-]{subsection.3.4}{\376\377\000C\000o\000l\000l\000i\000s\000i\000o\000n\000\040\000D\000e\000t\000e\000c\000t\000i\000o\000n}{section.3}% 18
\BOOKMARK [2][-]{subsection.3.5}{\376\377\000D\000i\000f\000f\000i\000c\000u\000l\000t\000y\000\040\000S\000y\000s\000t\000e\000m}{section.3}% 19
\BOOKMARK [1][-]{section.4}{\376\377\000U\000s\000e\000r\000\040\000I\000n\000t\000e\000r\000f\000a\000c\000e}{}% 20
\BOOKMARK [2][-]{subsection.4.1}{\376\377\000M\000e\000n\000u\000\040\000S\000c\000r\000e\000e\000n}{section.4}% 21
\BOOKMARK [2][-]{subsection.4.2}{\376\377\000G\000a\000m\000e\000p\000l\000a\000y\000\040\000S\000c\000r\000e\000e\000n}{section.4}% 22
\BOOKMARK [2][-]{subsection.4.3}{\376\377\000R\000e\000s\000u\000l\000t\000\040\000S\000c\000r\000e\000e\000n}{section.4}% 23
\BOOKMARK [1][-]{section.5}{\376\377\000S\000i\000s\000t\000e\000m\000\040\000S\000c\000o\000r\000i\000n\000g}{}% 24
\BOOKMARK [2][-]{subsection.5.1}{\376\377\000T\000i\000m\000i\000n\000g\000\040\000W\000i\000n\000d\000o\000w\000s}{section.5}% 25
\BOOKMARK [2][-]{subsection.5.2}{\376\377\000C\000o\000m\000b\000o\000\040\000M\000u\000l\000t\000i\000p\000l\000i\000e\000r}{section.5}% 26
\BOOKMARK [2][-]{subsection.5.3}{\376\377\000R\000a\000n\000k\000i\000n\000g\000\040\000S\000y\000s\000t\000e\000m}{section.5}% 27
\BOOKMARK [1][-]{section.6}{\376\377\000T\000e\000k\000n\000o\000l\000o\000g\000i\000\040\000d\000a\000n\000\040\000T\000o\000o\000l\000s}{}% 28
\BOOKMARK [2][-]{subsection.6.1}{\376\377\000L\000i\000b\000r\000a\000r\000y\000\040\000d\000a\000n\000\040\000F\000r\000a\000m\000e\000w\000o\000r\000k}{section.6}% 29
\BOOKMARK [2][-]{subsection.6.2}{\376\377\000D\000e\000v\000e\000l\000o\000p\000m\000e\000n\000t\000\040\000T\000o\000o\000l\000s}{section.6}% 30
\BOOKMARK [1][-]{section.7}{\376\377\000K\000e\000s\000i\000m\000p\000u\000l\000a\000n}{}% 31
\BOOKMARK [2][-]{subsection.7.1}{\376\377\000P\000e\000n\000c\000a\000p\000a\000i\000a\000n}{section.7}% 32
\BOOKMARK [2][-]{subsection.7.2}{\376\377\000P\000e\000n\000g\000e\000m\000b\000a\000n\000g\000a\000n\000\040\000M\000a\000s\000a\000\040\000D\000e\000p\000a\000n}{section.7}% 33
